D:\Python36\python.exe C:\Users\User\.IntelliJIdea2018.2\config\plugins\python\helpers\pydev\pydevconsole.py 64725 64726
import sys; print('Python %s on %s' % (sys.version, sys.platform))
sys.path.extend(['D:\\PyCharmProjects\\iai_labs', 'D:/PyCharmProjects/iai_labs'])
PyDev console: starting.
Python 3.6.5 (v3.6.5:f59c0932b4, Mar 28 2018, 17:00:18) [MSC v.1900 64 bit (AMD64)] on win32
runfile('D:/PyCharmProjects/iai_labs/main.py', wdir='D:/PyCharmProjects/iai_labs')
Alpha: 0.0005
file=imagessimther200x200jpg_m=5_n=5_p=50
Blocks numb: 1681 Compression: 1.4359012323181704 Target Error: 000.200000
Iteration: 1 Total Error:001.009239
Iteration: 2 Total Error:000.719281
Iteration: 3 Total Error:000.621718
Iteration: 4 Total Error:000.561998
Iteration: 5 Total Error:000.518763
Iteration: 6 Total Error:000.485307
Iteration: 7 Total Error:000.458142
Iteration: 8 Total Error:000.435255
Iteration: 9 Total Error:000.415455
Iteration: 10 Total Error:000.398012
Iteration: 11 Total Error:000.382454
Iteration: 12 Total Error:000.368451
Iteration: 13 Total Error:000.355758
Iteration: 14 Total Error:000.344181
Iteration: 15 Total Error:000.333565
Iteration: 16 Total Error:000.323781
Iteration: 17 Total Error:000.314724
Iteration: 18 Total Error:000.306304
Iteration: 19 Total Error:000.298450
Iteration: 20 Total Error:000.291100
Iteration: 21 Total Error:000.284202
Iteration: 22 Total Error:000.277713
Iteration: 23 Total Error:000.271596
Iteration: 24 Total Error:000.265819
Iteration: 25 Total Error:000.260354
Iteration: 26 Total Error:000.255175
Iteration: 27 Total Error:000.250261
Iteration: 28 Total Error:000.245593
Iteration: 29 Total Error:000.241152
Iteration: 30 Total Error:000.236922
Iteration: 31 Total Error:000.232888
Iteration: 32 Total Error:000.229037
Iteration: 33 Total Error:000.225357
Iteration: 34 Total Error:000.221835
Iteration: 35 Total Error:000.218461
Iteration: 36 Total Error:000.215226
Iteration: 37 Total Error:000.212120
Iteration: 38 Total Error:000.209135
Iteration: 39 Total Error:000.206264
Iteration: 40 Total Error:000.203498
Iteration: 41 Total Error:000.200833
Iteration: 42 Total Error:000.198260
Alpha: 0.0006000000000000001
file=imagessimther200x200jpg_m=5_n=5_p=50
Blocks numb: 1681 Compression: 1.4359012323181704 Target Error: 000.200000
Iteration: 1 Total Error:000.942541
Iteration: 2 Total Error:000.692511
Iteration: 3 Total Error:000.601963
Iteration: 4 Total Error:000.544516
Iteration: 5 Total Error:000.502920
Iteration: 6 Total Error:000.470534
Iteration: 7 Total Error:000.443962
Iteration: 8 Total Error:000.421388
Iteration: 9 Total Error:000.401787
Iteration: 10 Total Error:000.384524
Iteration: 11 Total Error:000.369164
Iteration: 12 Total Error:000.355381
Iteration: 13 Total Error:000.342918
Iteration: 14 Total Error:000.331573
Iteration: 15 Total Error:000.321182
Iteration: 16 Total Error:000.311614
Iteration: 17 Total Error:000.302765
Iteration: 18 Total Error:000.294549
Iteration: 19 Total Error:000.286895
Iteration: 20 Total Error:000.279747
Iteration: 21 Total Error:000.273053
Iteration: 22 Total Error:000.266774
Iteration: 23 Total Error:000.260871
Iteration: 24 Total Error:000.255314
Iteration: 25 Total Error:000.250073
Iteration: 26 Total Error:000.245123
Iteration: 27 Total Error:000.240440
Iteration: 28 Total Error:000.236002
Iteration: 29 Total Error:000.231792
Iteration: 30 Total Error:000.227791
Iteration: 31 Total Error:000.223983
Iteration: 32 Total Error:000.220353
Iteration: 33 Total Error:000.216888
Iteration: 34 Total Error:000.213576
Iteration: 35 Total Error:000.210406
Iteration: 36 Total Error:000.207367
Iteration: 37 Total Error:000.204450
Iteration: 38 Total Error:000.201646
Iteration: 39 Total Error:000.198948
Alpha: 0.0007
file=imagessimther200x200jpg_m=5_n=5_p=50
Blocks numb: 1681 Compression: 1.4359012323181704 Target Error: 000.200000
Iteration: 1 Total Error:000.894786
Iteration: 2 Total Error:000.674014
Iteration: 3 Total Error:000.587156
Iteration: 4 Total Error:000.531487
Iteration: 5 Total Error:000.491053
Iteration: 6 Total Error:000.459275
Iteration: 7 Total Error:000.433017
Iteration: 8 Total Error:000.410678
Iteration: 9 Total Error:000.391335
Iteration: 10 Total Error:000.374370
Iteration: 11 Total Error:000.359331
Iteration: 12 Total Error:000.345870
Iteration: 13 Total Error:000.333718
Iteration: 14 Total Error:000.322667
Iteration: 15 Total Error:000.312557
Iteration: 16 Total Error:000.303261
Iteration: 17 Total Error:000.294680
Iteration: 18 Total Error:000.286733
Iteration: 19 Total Error:000.279353
Iteration: 20 Total Error:000.272484
Iteration: 21 Total Error:000.266078
Iteration: 22 Total Error:000.260091
Iteration: 23 Total Error:000.254485
Iteration: 24 Total Error:000.249226
Iteration: 25 Total Error:000.244284
Iteration: 26 Total Error:000.239630
Iteration: 27 Total Error:000.235238
Iteration: 28 Total Error:000.231086
Iteration: 29 Total Error:000.227154
Iteration: 30 Total Error:000.223422
Iteration: 31 Total Error:000.219873
Iteration: 32 Total Error:000.216493
Iteration: 33 Total Error:000.213267
Iteration: 34 Total Error:000.210184
Iteration: 35 Total Error:000.207231
Iteration: 36 Total Error:000.204399
Iteration: 37 Total Error:000.201679
Iteration: 38 Total Error:000.199062
Alpha: 0.0008
file=imagessimther200x200jpg_m=5_n=5_p=50
Blocks numb: 1681 Compression: 1.4359012323181704 Target Error: 000.200000
Iteration: 1 Total Error:000.859666
Iteration: 2 Total Error:000.659694
Iteration: 3 Total Error:000.575392
Iteration: 4 Total Error:000.521299
Iteration: 5 Total Error:000.481772
Iteration: 6 Total Error:000.450504
Iteration: 7 Total Error:000.424667
Iteration: 8 Total Error:000.402793
Iteration: 9 Total Error:000.383965
Iteration: 10 Total Error:000.367529
Iteration: 11 Total Error:000.353002
Iteration: 12 Total Error:000.340024
Iteration: 13 Total Error:000.328327
Iteration: 14 Total Error:000.317711
Iteration: 15 Total Error:000.308024
Iteration: 16 Total Error:000.299149
Iteration: 17 Total Error:000.290992
Iteration: 18 Total Error:000.283477
Iteration: 19 Total Error:000.276538
Iteration: 20 Total Error:000.270117
Iteration: 21 Total Error:000.264164
Iteration: 22 Total Error:000.258632
Iteration: 23 Total Error:000.253480
Iteration: 24 Total Error:000.248671
Iteration: 25 Total Error:000.244169
Iteration: 26 Total Error:000.239946
Iteration: 27 Total Error:000.235973
Iteration: 28 Total Error:000.232226
Iteration: 29 Total Error:000.228682
Iteration: 30 Total Error:000.225323
Iteration: 31 Total Error:000.222131
Iteration: 32 Total Error:000.219090
Iteration: 33 Total Error:000.216187
Iteration: 34 Total Error:000.213408
Iteration: 35 Total Error:000.210742
Iteration: 36 Total Error:000.208180
Iteration: 37 Total Error:000.205712
Iteration: 38 Total Error:000.203331
Iteration: 39 Total Error:000.201029
Iteration: 40 Total Error:000.198800
Alpha: 0.0009
file=imagessimther200x200jpg_m=5_n=5_p=50
Blocks numb: 1681 Compression: 1.4359012323181704 Target Error: 000.200000
Iteration: 1 Total Error:000.833365
Iteration: 2 Total Error:000.648304
Iteration: 3 Total Error:000.566349
Iteration: 4 Total Error:000.513802
Iteration: 5 Total Error:000.475214
Iteration: 6 Total Error:000.444701
Iteration: 7 Total Error:000.419667
Iteration: 8 Total Error:000.398659
Iteration: 9 Total Error:000.380705
Iteration: 10 Total Error:000.365107
Iteration: 11 Total Error:000.351366
Iteration: 12 Total Error:000.339124
Iteration: 13 Total Error:000.328128
Iteration: 14 Total Error:000.318192
Iteration: 15 Total Error:000.309176
Iteration: 16 Total Error:000.300973
Iteration: 17 Total Error:000.293495
Iteration: 18 Total Error:000.286664
Iteration: 19 Total Error:000.280414
Iteration: 20 Total Error:000.274684
Iteration: 21 Total Error:000.269418
Iteration: 22 Total Error:000.264565
Iteration: 23 Total Error:000.260079
Iteration: 24 Total Error:000.255919
Iteration: 25 Total Error:000.252048
Iteration: 26 Total Error:000.248432
Iteration: 27 Total Error:000.245042
Iteration: 28 Total Error:000.241851
Iteration: 29 Total Error:000.238838
Iteration: 30 Total Error:000.235982
Iteration: 31 Total Error:000.233264
Iteration: 32 Total Error:000.230671
Iteration: 33 Total Error:000.228188
Iteration: 34 Total Error:000.225804
Iteration: 35 Total Error:000.223509
Iteration: 36 Total Error:000.221294
Iteration: 37 Total Error:000.219153
Iteration: 38 Total Error:000.217079
Iteration: 39 Total Error:000.215070
Iteration: 40 Total Error:000.213121
Iteration: 41 Total Error:000.211230
Iteration: 42 Total Error:000.209395
Iteration: 43 Total Error:000.207618
Iteration: 44 Total Error:000.205897
Iteration: 45 Total Error:000.204234
Iteration: 46 Total Error:000.202632
Iteration: 47 Total Error:000.201091
Iteration: 48 Total Error:000.199616
[(0.0005, 42), (0.0006000000000000001, 39), (0.0007, 38), (0.0008, 40), (0.0009, 48)]
file=imagesdrones150x150jpg_m=5_n=5_p=50
Blocks numb: 961 Compression: 1.3913555461179106 Target Error: 000.200000
Iteration: 1 Total Error:000.740880
Iteration: 2 Total Error:000.413286
Iteration: 3 Total Error:000.328122
Iteration: 4 Total Error:000.282186
Iteration: 5 Total Error:000.250660
Iteration: 6 Total Error:000.227101
Iteration: 7 Total Error:000.208528
Iteration: 8 Total Error:000.193319
